<?xml version="1.0" encoding="utf-8"?><testsuites name="pytest tests"><testsuite name="pytest" errors="0" failures="0" skipped="0" tests="24" time="3.209" timestamp="2025-09-08T11:33:02.003769+00:00" hostname="pkrvm7jw40e0xgp"><testcase classname="tests.test_util_gt03summary.TestUtilGt03Summary" name="test_10_geo_mean_sd_by_group_nan_and_valid" time="0.007" /><testcase classname="tests.test_util_gt03summary.TestUtilGt03Summary" name="test_11_geo_mean_sd_by_group_groupby_multiple_columns" time="0.007" /><testcase classname="tests.test_util_gt03summary.TestUtilGt03Summary" name="test_1_pd_df_flag_to_category_with_missing_values" time="0.003" /><testcase classname="tests.test_util_gt03summary.TestUtilGt03Summary" name="test_2_crosstab_from_lists_duplicate_rows_cols" time="0.002" /><testcase classname="tests.test_util_gt03summary.TestUtilGt03Summary" name="test_3_crosstab_from_lists_empty_dataframe" time="0.002" /><testcase classname="tests.test_util_gt03summary.TestUtilGt03Summary" name="test_4_crosstab_from_lists_single_row" time="0.022" /><testcase classname="tests.test_util_gt03summary.TestUtilGt03Summary" name="test_5_crosstab_from_lists_with_multiple_rows_and_cols" time="0.015" /><testcase classname="tests.test_util_gt03summary.TestUtilGt03Summary" name="test_6_geo_mean_sd_by_group_with_zero_and_negative" time="0.005" /><testcase classname="tests.test_util_gt03summary.TestUtilGt03Summary" name="test_7_geo_mean_sd_by_group_with_inf" time="0.005" /><testcase classname="tests.test_util_gt03summary.TestUtilGt03Summary" name="test_8_geo_mean_sd_by_group_with_all_valid" time="0.004" /><testcase classname="tests.test_util_gt03summary.TestUtilGt03Summary" name="test_9_geo_mean_sd_by_group_with_groupby_none" time="0.003" /><testcase classname="tests.test_util_gt03summary.TestUtilGt03Summary" name="test_geo_mean_sd_by_group_all_nan" time="0.004" /><testcase classname="tests.test_util_gt03summary.TestUtilGt03Summary" name="test_geo_mean_sd_by_group_all_zero_or_negative" time="0.004" /><testcase classname="tests.test_util_gt03summary.TestUtilGt03Summary" name="test_geo_mean_sd_by_group_basic" time="0.007" /><testcase classname="tests.test_util_gt03summary.TestUtilGt03Summary" name="test_geo_mean_sd_by_group_multiple_groups" time="0.005" /><testcase classname="tests.test_util_gt03summary.TestUtilGt03Summary" name="test_geo_mean_sd_by_group_single_value" time="0.005" /><testcase classname="tests.test_util_lsr" name="test_list_files_list" time="0.001" /><testcase classname="tests.test_util_lsr" name="test_list_files_json" time="0.003" /><testcase classname="tests.test_util_lsr" name="test_list_files_string" time="0.001" /><testcase classname="tests.test_util_lsr" name="test_list_files_dataframe" time="0.004" /><testcase classname="tests.test_util_lsr" name="test_list_files_tree" time="0.021" /><testcase classname="tests.test_util_lsr" name="test_nonexistent_path" time="0.001" /><testcase classname="tests.test_util_lsr" name="test_empty_folder" time="0.001" /><testcase classname="tests.test_util_lsr" name="test_get_md5" time="0.001" /></testsuite></testsuites>