<?xml version="1.0" encoding="utf-8"?><testsuites name="pytest tests"><testsuite name="pytest" errors="0" failures="0" skipped="0" tests="8" time="1.643" timestamp="2025-09-01T20:21:45.379320+00:00" hostname="pkrvmccyg1gnepe"><testcase classname="tests.test_util_lsr" name="test_list_files_list" time="0.001" /><testcase classname="tests.test_util_lsr" name="test_list_files_json" time="0.004" /><testcase classname="tests.test_util_lsr" name="test_list_files_string" time="0.001" /><testcase classname="tests.test_util_lsr" name="test_list_files_dataframe" time="0.002" /><testcase classname="tests.test_util_lsr" name="test_list_files_tree" time="0.014" /><testcase classname="tests.test_util_lsr" name="test_nonexistent_path" time="0.000" /><testcase classname="tests.test_util_lsr" name="test_empty_folder" time="0.001" /><testcase classname="tests.test_util_lsr" name="test_get_md5" time="0.001" /></testsuite></testsuites>